<?xml version="1.0" encoding="UTF-8" ?>
<testsuite failures="0" time="0.967" errors="0" skipped="0" tests="6" name="org.androidpn.server.dao.UserDaoTest">
  <properties>
[...]
</properties>
  <testcase time="0.795" classname="org.androidpn.server.dao.UserDaoTest" name="testDummy"/>
  <testcase time="0.016" classname="org.androidpn.server.dao.UserDaoTest" name="testGetUser"/>
  <testcase time="0.062" classname="org.androidpn.server.dao.UserDaoTest" name="testAddAndRemoveUser"/>
  <testcase time="0" classname="org.androidpn.server.dao.UserDaoTest" name="testUpdateUser"/>
  <testcase time="0" classname="org.androidpn.server.dao.UserDaoTest" name="testUserExists"/>
  <testcase time="0.016" classname="org.androidpn.server.dao.UserDaoTest" name="testUserNotExists"/>
</testsuite>